[38;5;112m[Appium][0m Welcome to Appium v2.19.0
[38;5;112m[Appium][0m Non-default server args:
[38;5;112m[Appium][0m { basePath: [32m'/wd/hub'[39m, loglevel: [32m'info'[39m, port: [33m56669[39m }
[38;5;112m[Appium][0m Attempting to load driver uiautomator2...
[38;5;112m[Appium][0m Appium REST http interface listener started on http://0.0.0.0:56669/wd/hub
[38;5;112m[Appium][0m You can provide the following URLs in your client code to connect to this server:
	http://172.16.0.2:56669/wd/hub
	http://192.168.0.120:56669/wd/hub
	http://127.0.0.1:56669/wd/hub (only accessible from the same host)
	http://172.17.240.1:56669/wd/hub
[38;5;112m[Appium][0m Available drivers:
[38;5;112m[Appium][0m   - uiautomator2@4.2.3 (automationName 'UiAutomator2')
[38;5;112m[Appium][0m No plugins have been installed. Use the "appium plugin" command to install the one(s) you want to use.
[38;5;86m[HTTP][0m [37m-->[39m [37mGET[39m [37m/wd/hub/status[39m [90m{}[39m
[38;5;86m[HTTP][0m [37m<-- GET /wd/hub/status [39m[32m200[39m [90m7 ms - 111[39m [90m[39m
[38;5;86m[HTTP][0m [37m-->[39m [37mGET[39m [37m/wd/hub/status[39m [90m{}[39m
[38;5;86m[HTTP][0m [37m<-- GET /wd/hub/status [39m[32m200[39m [90m2 ms - 111[39m [90m[39m
[38;5;86m[HTTP][0m [37m-->[39m [37mPOST[39m [37m/wd/hub/session[39m [90m{"capabilities":{"firstMatch":[{"appium:appActivity":".Settings","appium:appPackage":"com.android.settings","appium:autoGrantPermissions":true,"appium:automationName":"uiautomator2","appium:deviceName":"Xiaomi 2311DRK48G (Android 15)","appium:newCommandTimeout":1800,"appium:platformName":"ANDROID","appium:platformVersion":"15","appium:systemPort":8208,"appium:udid":"H68XVSUOZH7LLJSC","platformName":"ANDROID"}]},"desiredCapabilities":{"appium:appActivity":".Settings","appium:appPackage":"com.android.settings","appium:autoGrantPermissions":true,"appium:automationName":"uiautomator2","appium:deviceName":"Xiaomi 2311DRK48G (Android 15)","appium:newCommandTimeout":1800,"appium:platformName":"ANDROID","appium:platformVersion":"15","appium:systemPort":8208,"appium:udid":"H68XVSUOZH7LLJSC"}}[39m
[38;5;123m[BaseDriver][0m Ignoring capability 'appium:platformName=ANDROID' and using capability 'platformName=ANDROID'
[38;5;123m[BaseDriver][0m The capabilities ["platformName"] are standard capabilities and do not require "appium:" prefix
[38;5;112m[Appium][0m Attempting to find matching driver for automationName 'uiautomator2' and platformName 'ANDROID'
[38;5;112m[Appium][0m The 'uiautomator2' driver was installed and matched caps.
[38;5;112m[Appium][0m Will require it at C:\Users\Ray\.appium\node_modules\appium-uiautomator2-driver
[38;5;119m[AppiumDriver@1237][0m Appium v2.19.0 creating new AndroidUiautomator2Driver (v4.2.3) session
[38;5;119m[AppiumDriver@1237][0m Checking BaseDriver versions for Appium and AndroidUiautomator2Driver
[38;5;119m[AppiumDriver@1237][0m Appium's BaseDriver version is 9.18.0
[38;5;119m[AppiumDriver@1237][0m AndroidUiautomator2Driver's BaseDriver version is 9.18.0
[38;5;144m[c7574cba][0m[38;5;-33m[AndroidUiautomator2Driver@267a][0m Session created with session id: c7574cba-1d7d-4d0f-98ee-730addfe1d19
[38;5;144m[c7574cba][0m[38;5;229m[ADB][0m Found 1 'build-tools' folders under 'C:\Users\Ray\.katalon\tools\android_sdk' (newest first):
[38;5;144m[c7574cba][0m[38;5;229m[ADB][0m     C:\Users\Ray\.katalon\tools\android_sdk\build-tools\29.0.3
[38;5;144m[c7574cba][0m[38;5;229m[ADB][0m Using 'adb.exe' from 'C:\Users\Ray\.katalon\tools\android_sdk\platform-tools\adb.exe'
[38;5;144m[c7574cba][0m[38;5;-33m[AndroidUiautomator2Driver@267a][0m Retrieving device list
[38;5;144m[c7574cba][0m[38;5;-33m[AndroidUiautomator2Driver@267a][0m Using device: H68XVSUOZH7LLJSC
[38;5;144m[c7574cba][0m[38;5;229m[ADB][0m Using 'adb.exe' from 'C:\Users\Ray\.katalon\tools\android_sdk\platform-tools\adb.exe'
[38;5;144m[c7574cba][0m[38;5;-33m[AndroidUiautomator2Driver@267a][0m Starting 'com.android.settings' directly on the device
[38;5;144m[c7574cba][0m[38;5;229m[ADB][0m Getting device platform version
[38;5;144m[c7574cba][0m[38;5;-33m[AndroidUiautomator2Driver@267a][0m Relaxing hidden api policy
[38;5;144m[c7574cba][0m[38;5;229m[ADB][0m Using 'aapt2.exe' from 'C:\Users\Ray\.katalon\tools\android_sdk\build-tools\29.0.3\aapt2.exe'
[38;5;144m[c7574cba][0m[38;5;-33m[AndroidUiautomator2Driver@267a][0m Server packages are not going to be (re)installed
[38;5;144m[c7574cba][0m[38;5;229m[ADB][0m Adding packages ["io.appium.settings","io.appium.uiautomator2.server","io.appium.uiautomator2.server.test"] to Doze whitelist
[38;5;144m[c7574cba][0m[38;5;-33m[AndroidUiautomator2Driver@267a][0m Starting UIAutomator2 server 7.5.2
[38;5;144m[c7574cba][0m[38;5;-33m[AndroidUiautomator2Driver@267a][0m Using UIAutomator2 server from 'C:\Users\Ray\.appium\node_modules\appium-uiautomator2-driver\node_modules\appium-uiautomator2-server\apks\appium-uiautomator2-server-v7.5.2.apk' and test from 'C:\Users\Ray\.appium\node_modules\appium-uiautomator2-driver\node_modules\appium-uiautomator2-server\apks\appium-uiautomator2-server-debug-androidTest.apk'
[38;5;144m[c7574cba][0m[38;5;-33m[AndroidUiautomator2Driver@267a][0m Waiting up to 30000ms for UiAutomator2 to be online...
[38;5;144m[c7574cba][0m[38;5;-33m[AndroidUiautomator2Driver@267a][0m socket hang up
[38;5;144m[c7574cba][0m[38;5;-33m[AndroidUiautomator2Driver@267a][0m Determined the downstream protocol as 'W3C'
[38;5;144m[c7574cba][0m[38;5;-33m[AndroidUiautomator2Driver@267a][0m Screen already unlocked, doing nothing
[38;5;144m[c7574cba][0m[38;5;-33m[AndroidUiautomator2Driver@267a][0m Starting 'com.android.settings/.Settings' and waiting for 'com.android.settings/.Settings'
[38;5;144m[c7574cba][0m[38;5;119m[AppiumDriver@1237][0m New AndroidUiautomator2Driver session created successfully, session c7574cba-1d7d-4d0f-98ee-730addfe1d19 added to master session list
[38;5;144m[c7574cba][0m[38;5;86m[HTTP][0m [37m<-- POST /wd/hub/session [39m[32m200[39m [90m3859 ms - 1107[39m [90m[39m
[38;5;86m[HTTP][0m [37m-->[39m [37mGET[39m [37m/wd/hub/status[39m [90m{}[39m
[38;5;86m[HTTP][0m [37m<-- GET /wd/hub/status [39m[32m200[39m [90m1 ms - 111[39m [90m[39m
[38;5;144m[c7574cba][0m[38;5;86m[HTTP][0m [37m-->[39m [37mPOST[39m [37m/wd/hub/session/c7574cba-1d7d-4d0f-98ee-730addfe1d19/timeouts[39m [90m{"implicit":60000}[39m
[38;5;144m[c7574cba][0m[38;5;86m[HTTP][0m [37m<-- POST /wd/hub/session/c7574cba-1d7d-4d0f-98ee-730addfe1d19/timeouts [39m[32m200[39m [90m6 ms - 14[39m [90m[39m
[38;5;144m[c7574cba][0m[38;5;86m[HTTP][0m [37m-->[39m [37mPOST[39m [37m/wd/hub/session/c7574cba-1d7d-4d0f-98ee-730addfe1d19/execute/sync[39m [90m{"args":[],"script":"mobile: getSystemBars"}[39m
[38;5;144m[c7574cba][0m[38;5;-33m[AndroidUiautomator2Driver@267a][0m No windows have been found whose title matches to 'NavigationBar'. Assuming it is invisible. Only the following windows are available: MiuiShellDropTarget,DockAssistantView,GestureStubRight,GestureStubLeft,GestureStub,NotificationModalWindowManager,NotificationShade,StatusBar,ShellDropTarget,InputMethod
[38;5;144m[c7574cba][0m[38;5;86m[HTTP][0m [37m<-- POST /wd/hub/session/c7574cba-1d7d-4d0f-98ee-730addfe1d19/execute/sync [39m[32m200[39m [90m84 ms - 145[39m [90m[39m
[38;5;144m[c7574cba][0m[38;5;86m[HTTP][0m [37m-->[39m [37mPOST[39m [37m/wd/hub/session/c7574cba-1d7d-4d0f-98ee-730addfe1d19/execute/sync[39m [90m{"args":[{"appId":"com.swaglabsmobileapp","bundleId":"com.swaglabsmobileapp"}],"script":"mobile: activateApp"}[39m
[38;5;144m[c7574cba][0m[38;5;123m[BaseDriver][0m The following script arguments are not known and will be ignored: bundleId
[38;5;144m[c7574cba][0m[38;5;86m[HTTP][0m [37m<-- POST /wd/hub/session/c7574cba-1d7d-4d0f-98ee-730addfe1d19/execute/sync [39m[32m200[39m [90m156 ms - 14[39m [90m[39m
[38;5;144m[c7574cba][0m[38;5;86m[HTTP][0m [37m-->[39m [37mGET[39m [37m/wd/hub/session/c7574cba-1d7d-4d0f-98ee-730addfe1d19/source[39m [90m{}[39m
[38;5;144m[c7574cba][0m[38;5;-33m[AndroidUiautomator2Driver@267a][0m Driver proxy active, passing request on via HTTP proxy
[38;5;144m[c7574cba][0m[38;5;-33m[AndroidUiautomator2Driver@267a][0m Replacing sessionId 525db28f-43a7-4e9c-be83-03c15441f32a with c7574cba-1d7d-4d0f-98ee-730addfe1d19
[38;5;144m[c7574cba][0m[38;5;86m[HTTP][0m [37m<-- GET /wd/hub/session/c7574cba-1d7d-4d0f-98ee-730addfe1d19/source [39m[32m200[39m [90m1463 ms - 48411[39m [90m[39m
[38;5;144m[c7574cba][0m[38;5;86m[HTTP][0m [37m-->[39m [37mGET[39m [37m/wd/hub/session/c7574cba-1d7d-4d0f-98ee-730addfe1d19/screenshot[39m [90m{}[39m
[38;5;144m[c7574cba][0m[38;5;86m[HTTP][0m [37m<-- GET /wd/hub/session/c7574cba-1d7d-4d0f-98ee-730addfe1d19/screenshot [39m[32m200[39m [90m874 ms - 2121920[39m [90m[39m
[38;5;144m[c7574cba][0m[38;5;86m[HTTP][0m [37m-->[39m [37mGET[39m [37m/wd/hub/session/c7574cba-1d7d-4d0f-98ee-730addfe1d19/source[39m [90m{}[39m
[38;5;144m[c7574cba][0m[38;5;-33m[AndroidUiautomator2Driver@267a][0m Driver proxy active, passing request on via HTTP proxy
[38;5;144m[c7574cba][0m[38;5;-33m[AndroidUiautomator2Driver@267a][0m Replacing sessionId 525db28f-43a7-4e9c-be83-03c15441f32a with c7574cba-1d7d-4d0f-98ee-730addfe1d19
[38;5;144m[c7574cba][0m[38;5;86m[HTTP][0m [37m<-- GET /wd/hub/session/c7574cba-1d7d-4d0f-98ee-730addfe1d19/source [39m[32m200[39m [90m317 ms - 48411[39m [90m[39m
[38;5;144m[c7574cba][0m[38;5;86m[HTTP][0m [37m-->[39m [37mGET[39m [37m/wd/hub/session/c7574cba-1d7d-4d0f-98ee-730addfe1d19/screenshot[39m [90m{}[39m
[38;5;144m[c7574cba][0m[38;5;86m[HTTP][0m [37m<-- GET /wd/hub/session/c7574cba-1d7d-4d0f-98ee-730addfe1d19/screenshot [39m[32m200[39m [90m1053 ms - 2123976[39m [90m[39m
[38;5;144m[c7574cba][0m[38;5;86m[HTTP][0m [37m-->[39m [37mDELETE[39m [37m/wd/hub/session/c7574cba-1d7d-4d0f-98ee-730addfe1d19[39m [90m{}[39m
[38;5;144m[c7574cba][0m[38;5;119m[AppiumDriver@1237][0m Removing session c7574cba-1d7d-4d0f-98ee-730addfe1d19 from our master session list
[38;5;144m[c7574cba][0m[38;5;-33m[AndroidUiautomator2Driver@267a][0m Restoring hidden api policy to the device default configuration
[38;5;144m[c7574cba][0m[38;5;86m[HTTP][0m [37m<-- DELETE /wd/hub/session/c7574cba-1d7d-4d0f-98ee-730addfe1d19 [39m[32m200[39m [90m695 ms - 14[39m [90m[39m
